TN:
SF:D:\projetos-jonathan\projeto-teste\negocios\files.test.js
FNF:0
FNH:0
DA:1,1
DA:2,1
DA:3,1
DA:4,1
DA:6,1
DA:7,1
DA:8,2
DA:9,2
DA:11,1
DA:12,1
DA:13,1
DA:15,1
DA:16,1
DA:17,1
DA:18,1
DA:22,1
DA:23,1
DA:24,1
DA:26,1
DA:27,1
DA:29,1
DA:30,1
LF:22
LH:22
BRF:0
BRH:0
end_of_record
TN:
SF:D:\projetos-jonathan\projeto-teste\negocios\files.js
FNF:0
FNH:0
DA:1,1
DA:3,1
DA:4,2
DA:5,2
DA:6,2
DA:7,1
DA:9,1
DA:15,1
LF:8
LH:8
BRDA:6,1,0,1
BRDA:6,1,1,1
BRF:2
BRH:2
end_of_record
TN:
SF:D:\projetos-jonathan\projeto-teste\negocios\juros.test.js
FNF:0
FNH:0
DA:1,1
DA:2,1
DA:5,1
DA:6,1
DA:7,1
DA:8,1
DA:10,1
DA:11,1
LF:8
LH:8
BRF:0
BRH:0
end_of_record
TN:
SF:D:\projetos-jonathan\projeto-teste\negocios\juros.js
FNF:0
FNH:0
DA:2,2
DA:4,1
LF:2
LH:2
BRF:0
BRH:0
end_of_record
